     1                                 %line 1+1 div.asm
     2                                 
     3                                 
     4                                 
     5                                 
     6                                 
     7                                 
     8                                 [section .data]
     9 00000000 00743BA40B000000        num1 dq 50000000000
    10 00000008 2B23CDFF                num2 dd -3333333
    11 0000000C 00000000                quotient dd 0
    12 00000010 00000000                remainder dd 0
    13                                 
    14                                 [section .text]
    15                                 [global _start]
    16                                 _start:
    17                                 
    18 00000000 BA00000000              mov edx, 0
    19 00000005 8B0425[00000000]        mov eax, dword[num1+0]
    20 0000000C 8B1425[04000000]        mov edx, dword[num1+4]
    21 00000013 F73C25[00000000]        idiv dword[num2]
    22                                 
    23                                 
    24 0000001A 890425[00000000]        mov dword[quotient], eax
    25 00000021 891425[00000000]        mov dword[remainder], edx
    26                                 
    27 00000028 48C7C03C000000          mov rax, 60
    28 0000002F 48C7C400000000          mov rsp, 0
    29 00000036 0F05                    syscall
